#! /c/iverilog/bin/vvp
:ivl_version "0.9.7 " "(v0_9_7)";
:vpi_time_precision + 0;
:vpi_module "system";
:vpi_module "v2005_math";
:vpi_module "va_math";
S_01F02C58 .scope module, "DE1_SoC" "DE1_SoC" 2 4;
 .timescale 0 0;
P_0060A5BC .param/l "whichClock" 2 14, +C4<011001>;
v00602198_0 .net "CLOCK_50", 0 0, C4<z>; 0 drivers
v01F147F0_0 .net "HEX0", 6 0, C4<zzzzzzz>; 0 drivers
v01F14848_0 .net "HEX1", 6 0, C4<zzzzzzz>; 0 drivers
v01F148A0_0 .net "HEX2", 6 0, C4<zzzzzzz>; 0 drivers
v0060E8F8_0 .net "HEX3", 6 0, C4<zzzzzzz>; 0 drivers
v0060E950_0 .net "HEX4", 6 0, C4<zzzzzzz>; 0 drivers
v0060E9A8_0 .net "HEX5", 6 0, C4<zzzzzzz>; 0 drivers
v01F14B28_0 .net "KEY", 3 0, C4<zzzz>; 0 drivers
v01F14B80_0 .net "LEDR", 9 0, C4<zzzzzzzzzz>; 0 drivers
v01F14BD8_0 .net "SW", 9 0, C4<zzzzzzzzzz>; 0 drivers
v01F0F808_0 .net "clk", 31 0, v00602140_0; 1 drivers
S_01F028A0 .scope module, "cdiv" "clock_divider" 2 15, 2 26, S_01F02C58;
 .timescale 0 0;
v006020E8_0 .alias "clock", 0 0, v00602198_0;
v00602140_0 .var "divided_clocks", 31 0;
E_0060A5D8 .event posedge, v006020E8_0;
S_01F02680 .scope module, "counterTestBench" "counterTestBench" 2 36;
 .timescale 0 0;
v01F10208_0 .net "clk", 0 0, v01F0F5A0_0; 1 drivers
v01F108E8_0 .net "johnsonCount", 3 0, v01F0F7B0_0; 1 drivers
v01F10470_0 .net "reset", 0 0, v01F0F6A8_0; 1 drivers
RS_01F1713C .resolv tri, L_01F10788, L_01F10520, L_01F10310, L_01F109F0;
v01F0FFA0_0 .net8 "rippleCount", 3 0, RS_01F1713C; 4 drivers
S_01F02A38 .scope module, "rCounter" "rippleCounter" 2 40, 3 6, S_01F02680;
 .timescale 0 0;
v01F101B0_0 .alias "clk", 0 0, v01F10208_0;
v01F103C0_0 .alias "count", 3 0, v01F0FFA0_0;
RS_01F172D4 .resolv tri, L_01F107E0, L_01F102B8, L_01F10680, L_01F10A48;
v01F104C8_0 .net8 "countbar", 3 0, RS_01F172D4; 4 drivers
v01F10730_0 .alias "reset", 0 0, v01F10470_0;
L_01F10260 .part RS_01F172D4, 0, 1;
L_01F10788 .part/pv v01F100A8_0, 0, 1, 4;
L_01F107E0 .part/pv L_01F08140, 0, 1, 4;
L_01F10890 .part RS_01F172D4, 0, 1;
L_01F10418 .part RS_01F172D4, 1, 1;
L_01F10520 .part/pv v01F0F758_0, 1, 1, 4;
L_01F102B8 .part/pv L_01F07C38, 1, 1, 4;
L_01F10578 .part RS_01F172D4, 1, 1;
L_01F10628 .part RS_01F172D4, 2, 1;
L_01F10310 .part/pv v01F0F968_0, 2, 1, 4;
L_01F10680 .part/pv L_01F07FF0, 2, 1, 4;
L_01F10940 .part RS_01F172D4, 2, 1;
L_01F10998 .part RS_01F172D4, 3, 1;
L_01F109F0 .part/pv v01F0F4F0_0, 3, 1, 4;
L_01F10A48 .part/pv L_01F07FB8, 3, 1, 4;
S_01F020A8 .scope module, "bit0" "DFlipFlop" 3 11, 4 1, S_01F02A38;
 .timescale 0 0;
L_01F08140 .functor NOT 1, v01F100A8_0, C4<0>, C4<0>, C4<0>;
v01F105D0_0 .net "D", 0 0, L_01F10260; 1 drivers
v01F10368_0 .alias "clk", 0 0, v01F10208_0;
v01F100A8_0 .var "q", 0 0;
v01F10100_0 .net "qBar", 0 0, L_01F08140; 1 drivers
v01F106D8_0 .alias "reset", 0 0, v01F10470_0;
E_0060A358/0 .event negedge, v01F0F6A8_0;
E_0060A358/1 .event posedge, v01F0F5A0_0;
E_0060A358 .event/or E_0060A358/0, E_0060A358/1;
S_01F02D68 .scope module, "bit1" "DFlipFlop" 3 12, 4 1, S_01F02A38;
 .timescale 0 0;
L_01F07C38 .functor NOT 1, v01F0F758_0, C4<0>, C4<0>, C4<0>;
v01F0F548_0 .net "D", 0 0, L_01F10418; 1 drivers
v01F0F700_0 .net "clk", 0 0, L_01F10890; 1 drivers
v01F0F758_0 .var "q", 0 0;
v01F10838_0 .net "qBar", 0 0, L_01F07C38; 1 drivers
v01F10158_0 .alias "reset", 0 0, v01F10470_0;
E_0060A3F8/0 .event negedge, v01F0F6A8_0;
E_0060A3F8/1 .event posedge, v01F0F700_0;
E_0060A3F8 .event/or E_0060A3F8/0, E_0060A3F8/1;
S_01F024E8 .scope module, "bit2" "DFlipFlop" 3 13, 4 1, S_01F02A38;
 .timescale 0 0;
L_01F07FF0 .functor NOT 1, v01F0F968_0, C4<0>, C4<0>, C4<0>;
v01F0F390_0 .net "D", 0 0, L_01F10628; 1 drivers
v01F0F910_0 .net "clk", 0 0, L_01F10578; 1 drivers
v01F0F968_0 .var "q", 0 0;
v01F0F9C0_0 .net "qBar", 0 0, L_01F07FF0; 1 drivers
v01F0FA18_0 .alias "reset", 0 0, v01F10470_0;
E_0060A558/0 .event negedge, v01F0F6A8_0;
E_0060A558/1 .event posedge, v01F0F910_0;
E_0060A558 .event/or E_0060A558/0, E_0060A558/1;
S_01F02708 .scope module, "bit3" "DFlipFlop" 3 14, 4 1, S_01F02A38;
 .timescale 0 0;
L_01F07FB8 .functor NOT 1, v01F0F4F0_0, C4<0>, C4<0>, C4<0>;
v01F0FAC8_0 .net "D", 0 0, L_01F10998; 1 drivers
v01F0F498_0 .net "clk", 0 0, L_01F10940; 1 drivers
v01F0F4F0_0 .var "q", 0 0;
v01F0FA70_0 .net "qBar", 0 0, L_01F07FB8; 1 drivers
v01F0F650_0 .alias "reset", 0 0, v01F10470_0;
E_0060A378/0 .event negedge, v01F0F6A8_0;
E_0060A378/1 .event posedge, v01F0F498_0;
E_0060A378 .event/or E_0060A378/0, E_0060A378/1;
S_01F02020 .scope module, "jCounter" "johnsonCounter" 2 42, 5 1, S_01F02680;
 .timescale 0 0;
v01F0F440_0 .alias "clk", 0 0, v01F10208_0;
v01F0F7B0_0 .var "count", 3 0;
v01F0F8B8_0 .var/i "ps", 31 0;
v01F0F860_0 .alias "reset", 0 0, v01F10470_0;
S_01F02928 .scope module, "test" "Tester" 2 44, 2 53, S_01F02680;
 .timescale 0 0;
P_0060A49C .param/l "CLOCK" 2 63, +C4<01100100>;
v01F0F5A0_0 .var "clk", 0 0;
v01F0F5F8_0 .alias "johnsonCount", 3 0, v01F108E8_0;
v01F0F6A8_0 .var "reset", 0 0;
v01F0F3E8_0 .alias "rippleCount", 3 0, v01F0FFA0_0;
E_0060A578 .event posedge, v01F0F5A0_0;
    .scope S_01F028A0;
T_0 ;
    %ix/load 0, 32, 0;
    %assign/v0 v00602140_0, 0, 0;
    %end;
    .thread T_0;
    .scope S_01F028A0;
T_1 ;
    %wait E_0060A5D8;
    %load/v 8, v00602140_0, 32;
    %mov 40, 0, 1;
    %addi 8, 1, 33;
    %ix/load 0, 32, 0;
    %assign/v0 v00602140_0, 0, 8;
    %jmp T_1;
    .thread T_1;
    .scope S_01F020A8;
T_2 ;
    %wait E_0060A358;
    %load/v 8, v01F106D8_0, 1;
    %inv 8, 1;
    %jmp/0xz  T_2.0, 8;
    %set/v v01F100A8_0, 0, 1;
    %jmp T_2.1;
T_2.0 ;
    %load/v 8, v01F105D0_0, 1;
    %set/v v01F100A8_0, 8, 1;
T_2.1 ;
    %jmp T_2;
    .thread T_2;
    .scope S_01F02D68;
T_3 ;
    %wait E_0060A3F8;
    %load/v 8, v01F10158_0, 1;
    %inv 8, 1;
    %jmp/0xz  T_3.0, 8;
    %set/v v01F0F758_0, 0, 1;
    %jmp T_3.1;
T_3.0 ;
    %load/v 8, v01F0F548_0, 1;
    %set/v v01F0F758_0, 8, 1;
T_3.1 ;
    %jmp T_3;
    .thread T_3;
    .scope S_01F024E8;
T_4 ;
    %wait E_0060A558;
    %load/v 8, v01F0FA18_0, 1;
    %inv 8, 1;
    %jmp/0xz  T_4.0, 8;
    %set/v v01F0F968_0, 0, 1;
    %jmp T_4.1;
T_4.0 ;
    %load/v 8, v01F0F390_0, 1;
    %set/v v01F0F968_0, 8, 1;
T_4.1 ;
    %jmp T_4;
    .thread T_4;
    .scope S_01F02708;
T_5 ;
    %wait E_0060A378;
    %load/v 8, v01F0F650_0, 1;
    %inv 8, 1;
    %jmp/0xz  T_5.0, 8;
    %set/v v01F0F4F0_0, 0, 1;
    %jmp T_5.1;
T_5.0 ;
    %load/v 8, v01F0FAC8_0, 1;
    %set/v v01F0F4F0_0, 8, 1;
T_5.1 ;
    %jmp T_5;
    .thread T_5;
    .scope S_01F02020;
T_6 ;
    %wait E_0060A578;
    %load/v 8, v01F0F860_0, 1;
    %inv 8, 1;
    %jmp/0xz  T_6.0, 8;
    %ix/load 0, 32, 0;
    %assign/v0 v01F0F8B8_0, 0, 0;
    %jmp T_6.1;
T_6.0 ;
    %load/v 8, v01F0F8B8_0, 32;
    %cmpi/u 8, 0, 32;
    %jmp/1 T_6.2, 6;
    %cmpi/u 8, 1, 32;
    %jmp/1 T_6.3, 6;
    %cmpi/u 8, 2, 32;
    %jmp/1 T_6.4, 6;
    %cmpi/u 8, 3, 32;
    %jmp/1 T_6.5, 6;
    %cmpi/u 8, 4, 32;
    %jmp/1 T_6.6, 6;
    %cmpi/u 8, 5, 32;
    %jmp/1 T_6.7, 6;
    %cmpi/u 8, 6, 32;
    %jmp/1 T_6.8, 6;
    %cmpi/u 8, 7, 32;
    %jmp/1 T_6.9, 6;
    %jmp T_6.10;
T_6.2 ;
    %movi 8, 1, 32;
    %set/v v01F0F8B8_0, 8, 32;
    %set/v v01F0F7B0_0, 0, 4;
    %jmp T_6.10;
T_6.3 ;
    %movi 8, 2, 32;
    %set/v v01F0F8B8_0, 8, 32;
    %movi 8, 8, 4;
    %set/v v01F0F7B0_0, 8, 4;
    %jmp T_6.10;
T_6.4 ;
    %movi 8, 3, 32;
    %set/v v01F0F8B8_0, 8, 32;
    %movi 8, 12, 4;
    %set/v v01F0F7B0_0, 8, 4;
    %jmp T_6.10;
T_6.5 ;
    %movi 8, 4, 32;
    %set/v v01F0F8B8_0, 8, 32;
    %movi 8, 14, 4;
    %set/v v01F0F7B0_0, 8, 4;
    %jmp T_6.10;
T_6.6 ;
    %movi 8, 5, 32;
    %set/v v01F0F8B8_0, 8, 32;
    %set/v v01F0F7B0_0, 1, 4;
    %jmp T_6.10;
T_6.7 ;
    %movi 8, 6, 32;
    %set/v v01F0F8B8_0, 8, 32;
    %movi 8, 7, 4;
    %set/v v01F0F7B0_0, 8, 4;
    %jmp T_6.10;
T_6.8 ;
    %movi 8, 7, 32;
    %set/v v01F0F8B8_0, 8, 32;
    %movi 8, 3, 4;
    %set/v v01F0F7B0_0, 8, 4;
    %jmp T_6.10;
T_6.9 ;
    %set/v v01F0F8B8_0, 0, 32;
    %movi 8, 1, 4;
    %set/v v01F0F7B0_0, 8, 4;
    %jmp T_6.10;
T_6.10 ;
T_6.1 ;
    %jmp T_6;
    .thread T_6;
    .scope S_01F02928;
T_7 ;
    %vpi_call 2 59 "$display", "\011\011 clk \011 reset \011 rippleCount \011 johnsonCount";
    %vpi_call 2 60 "$monitor", "\011\011 %b  \011 %b    \011 %b          \011 %b", v01F0F5A0_0, v01F0F6A8_0, v01F0F3E8_0, v01F0F5F8_0;
    %end;
    .thread T_7;
    .scope S_01F02928;
T_8 ;
    %ix/load 0, 1, 0;
    %assign/v0 v01F0F5A0_0, 0, 0;
T_8.0 ;
    %delay 50, 0;
    %load/v 8, v01F0F5A0_0, 1;
    %inv 8, 1;
    %ix/load 0, 1, 0;
    %assign/v0 v01F0F5A0_0, 0, 8;
    %jmp T_8.0;
    %end;
    .thread T_8;
    .scope S_01F02928;
T_9 ;
    %wait E_0060A578;
    %ix/load 0, 1, 0;
    %assign/v0 v01F0F6A8_0, 0, 0;
    %wait E_0060A578;
    %wait E_0060A578;
    %ix/load 0, 1, 0;
    %assign/v0 v01F0F6A8_0, 0, 1;
    %wait E_0060A578;
    %wait E_0060A578;
    %movi 8, 30, 6;
T_9.0 %cmp/s 0, 8, 6;
    %jmp/0xz T_9.1, 5;
    %add 8, 1, 6;
    %wait E_0060A578;
    %jmp T_9.0;
T_9.1 ;
    %vpi_call 2 74 "$stop";
    %end;
    .thread T_9;
    .scope S_01F02680;
T_10 ;
    %vpi_call 2 48 "$dumpfile", "counterTesterLog.vcd";
    %vpi_call 2 49 "$dumpvars";
    %end;
    .thread T_10;
# The file index is used to find the file name in the following table.
:file_names 6;
    "N/A";
    "<interactive>";
    "DE1_SoC.v";
    "./rippleCounter.v";
    "./DFlipFlop.v";
    "./johnsonCounter.v";
